<?xml version="1.0" encoding="UTF-8"?>
<!-- Generated by org.testng.reporters.JUnitXMLReporter -->
<testsuite ignored="1" hostname="DESKTOP-CT6PMDD" failures="1" tests="2" name="Error Validation Test" time="25.559" errors="0" timestamp="2022-11-10T00:26:24 IST">
  <testcase classname="Ratul.SeleniumTestNGFrameworkDesign.ErrorValidations" name="LoginErrorValidation" time="1.045">
    <skipped/>
  </testcase> <!-- LoginErrorValidation -->
  <testcase classname="Ratul.SeleniumTestNGFrameworkDesign.ErrorValidations" name="LoginErrorValidation" time="0.857">
    <failure type="java.lang.AssertionError" message="expected [Incorrect email or password.] but found [Incorrect email password.]">
      <![CDATA[java.lang.AssertionError: expected [Incorrect email or password.] but found [Incorrect email password.]
at Ratul.SeleniumTestNGFrameworkDesign.ErrorValidations.LoginErrorValidation(ErrorValidations.java:39)
at java.base/java.util.concurrent.ThreadPoolExecutor.runWorker(ThreadPoolExecutor.java:1136)
at java.base/java.util.concurrent.ThreadPoolExecutor$Worker.run(ThreadPoolExecutor.java:635)
at java.base/java.lang.Thread.run(Thread.java:833)
... Removed 18 stack frames]]>
    </failure>
  </testcase> <!-- LoginErrorValidation -->
  <testcase classname="Ratul.SeleniumTestNGFrameworkDesign.ErrorValidations" name="ProductErrorValidation" time="0.0">
    <ignored/>
  </testcase> <!-- ProductErrorValidation -->
</testsuite> <!-- Error Validation Test -->
